# JRE version: OpenJDK Runtime Environment Temurin-11.0.16.1+1 (11.0.16.1+1) (build 11.0.16.1+1)
# Java VM: OpenJDK 64-Bit Server VM Temurin-11.0.16.1+1 (11.0.16.1+1, mixed mode, tiered, compressed oops, g1 gc, windows-amd64)
Heap:
 garbage-first heap   total 220160K, used 138880K [0x00000000c3400000, 0x0000000100000000)
  region size 1024K, 24 young (24576K), 5 survivors (5120K)
 Metaspace       used 93557K, capacity 94471K, committed 94800K, reserved 1134592K
  class space    used 9597K, capacity 9985K, committed 10108K, reserved 1048576K
GC Heap History (20 events):
Event: 55.297 GC heap before
{Heap before GC invocations=70 (full 0):
 garbage-first heap   total 155648K, used 130207K [0x00000000c3400000, 0x0000000100000000)
  region size 1024K, 19 young (19456K), 1 survivors (1024K)
 Metaspace       used 86802K, capacity 87726K, committed 87888K, reserved 1128448K
  class space    used 9165K, capacity 9530K, committed 9596K, reserved 1048576K
}
Event: 55.304 GC heap after
{Heap after GC invocations=71 (full 0):
 garbage-first heap   total 155648K, used 112117K [0x00000000c3400000, 0x0000000100000000)
  region size 1024K, 1 young (1024K), 1 survivors (1024K)
 Metaspace       used 86802K, capacity 87726K, committed 87888K, reserved 1128448K
  class space    used 9165K, capacity 9530K, committed 9596K, reserved 1048576K
}
Event: 55.761 GC heap before
{Heap before GC invocations=72 (full 0):
 garbage-first heap   total 155648K, used 130549K [0x00000000c3400000, 0x0000000100000000)
  region size 1024K, 19 young (19456K), 1 survivors (1024K)
 Metaspace       used 87007K, capacity 87950K, committed 88144K, reserved 1128448K
  class space    used 9177K, capacity 9562K, committed 9596K, reserved 1048576K
}
Event: 55.775 GC heap after
{Heap after GC invocations=73 (full 0):
 garbage-first heap   total 155648K, used 113103K [0x00000000c3400000, 0x0000000100000000)
  region size 1024K, 2 young (2048K), 2 survivors (2048K)
 Metaspace       used 87007K, capacity 87950K, committed 88144K, reserved 1128448K
  class space    used 9177K, capacity 9562K, committed 9596K, reserved 1048576K
}
Event: 55.865 GC heap before
{Heap before GC invocations=73 (full 0):
 garbage-first heap   total 155648K, used 118223K [0x00000000c3400000, 0x0000000100000000)
  region size 1024K, 7 young (7168K), 2 survivors (2048K)
 Metaspace       used 87019K, capacity 88014K, committed 88144K, reserved 1128448K
  class space    used 9177K, capacity 9562K, committed 9596K, reserved 1048576K
}
Event: 55.883 GC heap after
{Heap after GC invocations=74 (full 0):
 garbage-first heap   total 155648K, used 112755K [0x00000000c3400000, 0x0000000100000000)
  region size 1024K, 1 young (1024K), 1 survivors (1024K)
 Metaspace       used 87019K, capacity 88014K, committed 88144K, reserved 1128448K
  class space    used 9177K, capacity 9562K, committed 9596K, reserved 1048576K
}
Event: 56.329 GC heap before
{Heap before GC invocations=74 (full 0):
 garbage-first heap   total 155648K, used 131187K [0x00000000c3400000, 0x0000000100000000)
  region size 1024K, 19 young (19456K), 1 survivors (1024K)
 Metaspace       used 87231K, capacity 88143K, committed 88400K, reserved 1128448K
  class space    used 9196K, capacity 9562K, committed 9596K, reserved 1048576K
}
Event: 56.337 GC heap after
{Heap after GC invocations=75 (full 0):
 garbage-first heap   total 187392K, used 112963K [0x00000000c3400000, 0x0000000100000000)
  region size 1024K, 1 young (1024K), 1 survivors (1024K)
 Metaspace       used 87231K, capacity 88143K, committed 88400K, reserved 1128448K
  class space    used 9196K, capacity 9562K, committed 9596K, reserved 1048576K
}
Event: 56.959 GC heap before
{Heap before GC invocations=75 (full 0):
 garbage-first heap   total 187392K, used 144707K [0x00000000c3400000, 0x0000000100000000)
  region size 1024K, 32 young (32768K), 1 survivors (1024K)
 Metaspace       used 87474K, capacity 88399K, committed 88656K, reserved 1128448K
  class space    used 9200K, capacity 9562K, committed 9596K, reserved 1048576K
}
Event: 56.972 GC heap after
{Heap after GC invocations=76 (full 0):
 garbage-first heap   total 187392K, used 113791K [0x00000000c3400000, 0x0000000100000000)
  region size 1024K, 2 young (2048K), 2 survivors (2048K)
 Metaspace       used 87474K, capacity 88399K, committed 88656K, reserved 1128448K
  class space    used 9200K, capacity 9562K, committed 9596K, reserved 1048576K
}
Event: 57.367 GC heap before
{Heap before GC invocations=77 (full 0):
 garbage-first heap   total 187392K, used 147583K [0x00000000c3400000, 0x0000000100000000)
  region size 1024K, 35 young (35840K), 2 survivors (2048K)
 Metaspace       used 87645K, capacity 88592K, committed 88656K, reserved 1128448K
  class space    used 9202K, capacity 9562K, committed 9596K, reserved 1048576K
}
Event: 57.381 GC heap after
{Heap after GC invocations=78 (full 0):
 garbage-first heap   total 187392K, used 114510K [0x00000000c3400000, 0x0000000100000000)
  region size 1024K, 2 young (2048K), 2 survivors (2048K)
 Metaspace       used 87645K, capacity 88592K, committed 88656K, reserved 1128448K
  class space    used 9202K, capacity 9562K, committed 9596K, reserved 1048576K
}
Event: 57.924 GC heap before
{Heap before GC invocations=78 (full 0):
 garbage-first heap   total 187392K, used 149326K [0x00000000c3400000, 0x0000000100000000)
  region size 1024K, 36 young (36864K), 2 survivors (2048K)
 Metaspace       used 87919K, capacity 88883K, committed 89040K, reserved 1128448K
  class space    used 9214K, capacity 9595K, committed 9724K, reserved 1048576K
}
Event: 57.943 GC heap after
{Heap after GC invocations=79 (full 0):
 garbage-first heap   total 187392K, used 115438K [0x00000000c3400000, 0x0000000100000000)
  region size 1024K, 3 young (3072K), 3 survivors (3072K)
 Metaspace       used 87919K, capacity 88883K, committed 89040K, reserved 1128448K
  class space    used 9214K, capacity 9595K, committed 9724K, reserved 1048576K
}
Event: 58.774 GC heap before
{Heap before GC invocations=80 (full 0):
 garbage-first heap   total 187392K, used 151278K [0x00000000c3400000, 0x0000000100000000)
  region size 1024K, 38 young (38912K), 3 survivors (3072K)
 Metaspace       used 90060K, capacity 90971K, committed 91216K, reserved 1130496K
  class space    used 9397K, capacity 9758K, committed 9852K, reserved 1048576K
}
Event: 58.795 GC heap after
{Heap after GC invocations=81 (full 0):
 garbage-first heap   total 187392K, used 116109K [0x00000000c3400000, 0x0000000100000000)
  region size 1024K, 4 young (4096K), 4 survivors (4096K)
 Metaspace       used 90060K, capacity 90971K, committed 91216K, reserved 1130496K
  class space    used 9397K, capacity 9758K, committed 9852K, reserved 1048576K
}
Event: 60.150 GC heap before
{Heap before GC invocations=81 (full 0):
 garbage-first heap   total 187392K, used 151949K [0x00000000c3400000, 0x0000000100000000)
  region size 1024K, 39 young (39936K), 4 survivors (4096K)
 Metaspace       used 92704K, capacity 93671K, committed 94032K, reserved 1132544K
  class space    used 9577K, capacity 9953K, committed 10108K, reserved 1048576K
}
Event: 60.169 GC heap after
{Heap after GC invocations=82 (full 0):
 garbage-first heap   total 187392K, used 118436K [0x00000000c3400000, 0x0000000100000000)
  region size 1024K, 5 young (5120K), 5 survivors (5120K)
 Metaspace       used 92704K, capacity 93671K, committed 94032K, reserved 1132544K
  class space    used 9577K, capacity 9953K, committed 10108K, reserved 1048576K
}
Event: 61.370 GC heap before
{Heap before GC invocations=83 (full 0):
 garbage-first heap   total 187392K, used 154276K [0x00000000c3400000, 0x0000000100000000)
  region size 1024K, 40 young (40960K), 5 survivors (5120K)
 Metaspace       used 93346K, capacity 94247K, committed 94544K, reserved 1134592K
  class space    used 9594K, capacity 9953K, committed 10108K, reserved 1048576K
}
Event: 61.398 GC heap after
{Heap after GC invocations=84 (full 0):
 garbage-first heap   total 220160K, used 120448K [0x00000000c3400000, 0x0000000100000000)
  region size 1024K, 5 young (5120K), 5 survivors (5120K)
 Metaspace       used 93346K, capacity 94247K, committed 94544K, reserved 1134592K
  class space    used 9594K, capacity 9953K, committed 10108K, reserved 1048576K
}

